2023-05-09 10:39:36.006  INFO 97358 --- [main] com.swu.community.DemoApplication        : Starting DemoApplication using Java 1.8.0_251 on liuyafeideMacBook-Pro.local with PID 97358 (/Users/liuyafei/Downloads/swu-community/target/classes started by liuyafei in /Users/liuyafei/Downloads/swu-community)
2023-05-09 10:39:36.012 DEBUG 97358 --- [main] com.swu.community.DemoApplication        : Running with Spring Boot v2.7.11, Spring v5.3.27
2023-05-09 10:39:36.013  INFO 97358 --- [main] com.swu.community.DemoApplication        : No active profile set, falling back to 1 default profile: "default"
2023-05-09 10:39:37.126  INFO 97358 --- [main] o.s.b.w.embedded.tomcat.TomcatWebServer  : Tomcat initialized with port(s): 8080 (http)
2023-05-09 10:39:37.139  INFO 97358 --- [main] o.apache.catalina.core.StandardService   : Starting service [Tomcat]
2023-05-09 10:39:37.140  INFO 97358 --- [main] org.apache.catalina.core.StandardEngine  : Starting Servlet engine: [Apache Tomcat/9.0.74]
2023-05-09 10:39:37.301  INFO 97358 --- [main] o.a.c.c.C.[.[localhost].[/community]     : Initializing Spring embedded WebApplicationContext
2023-05-09 10:39:37.302  INFO 97358 --- [main] w.s.c.ServletWebServerApplicationContext : Root WebApplicationContext: initialization completed in 1239 ms
2023-05-09 10:39:37.815  INFO 97358 --- [main] o.s.b.a.w.s.WelcomePageHandlerMapping    : Adding welcome page template: index
2023-05-09 10:39:38.074  INFO 97358 --- [main] o.s.b.w.embedded.tomcat.TomcatWebServer  : Tomcat started on port(s): 8080 (http) with context path '/community'
2023-05-09 10:39:38.085  INFO 97358 --- [main] com.swu.community.DemoApplication        : Started DemoApplication in 2.434 seconds (JVM running for 2.883)
2023-05-09 10:39:50.472  INFO 97358 --- [http-nio-8080-exec-1] o.a.c.c.C.[.[localhost].[/community]     : Initializing Spring DispatcherServlet 'dispatcherServlet'
2023-05-09 10:39:50.473  INFO 97358 --- [http-nio-8080-exec-1] o.s.web.servlet.DispatcherServlet        : Initializing Servlet 'dispatcherServlet'
2023-05-09 10:39:50.474  INFO 97358 --- [http-nio-8080-exec-1] o.s.web.servlet.DispatcherServlet        : Completed initialization in 1 ms
2023-05-09 10:39:50.532  INFO 97358 --- [http-nio-8080-exec-1] com.zaxxer.hikari.HikariDataSource       : HikariPool-1 - Starting...
2023-05-09 10:39:50.626  INFO 97358 --- [http-nio-8080-exec-1] com.zaxxer.hikari.HikariDataSource       : HikariPool-1 - Start completed.
2023-05-09 10:39:50.632 DEBUG 97358 --- [http-nio-8080-exec-1] c.s.c.dao.UserMapper.selectByName        : ==>  Preparing: select id, username, password, salt, email, type, status, activation_code, header_url, create_time from user where username = ? 
2023-05-09 10:39:50.649 DEBUG 97358 --- [http-nio-8080-exec-1] c.s.c.dao.UserMapper.selectByName        : ==> Parameters: stevenlyf(String)
2023-05-09 10:39:50.676 DEBUG 97358 --- [http-nio-8080-exec-1] c.s.c.dao.UserMapper.selectByName        : <==      Total: 1
2023-05-09 10:39:50.682 DEBUG 97358 --- [http-nio-8080-exec-1] c.s.c.d.L.insertLoginTicket              : ==>  Preparing: insert into login_ticket(user_id,ticket,status,expired) values(?,?,?,?) 
2023-05-09 10:39:50.684 DEBUG 97358 --- [http-nio-8080-exec-1] c.s.c.d.L.insertLoginTicket              : ==> Parameters: 163(Integer), 53e3b76f735c400e8342bd31cc950b03(String), 0(Integer), 2023-05-09 22:39:50.681(Timestamp)
2023-05-09 10:39:50.694 DEBUG 97358 --- [http-nio-8080-exec-1] c.s.c.d.L.insertLoginTicket              : <==    Updates: 1
2023-05-09 10:39:52.476 DEBUG 97358 --- [http-nio-8080-exec-2] c.s.c.d.L.selectByTicket                 : ==>  Preparing: select id,user_id,ticket,status,expired from login_ticket where ticket=? 
2023-05-09 10:39:52.477 DEBUG 97358 --- [http-nio-8080-exec-2] c.s.c.d.L.selectByTicket                 : ==> Parameters: 53e3b76f735c400e8342bd31cc950b03(String)
2023-05-09 10:39:52.479 DEBUG 97358 --- [http-nio-8080-exec-2] c.s.c.d.L.selectByTicket                 : <==      Total: 1
2023-05-09 10:39:52.479 DEBUG 97358 --- [http-nio-8080-exec-2] c.s.community.dao.UserMapper.selectById  : ==>  Preparing: select id, username, password, salt, email, type, status, activation_code, header_url, create_time from user where id = ? 
2023-05-09 10:39:52.480 DEBUG 97358 --- [http-nio-8080-exec-2] c.s.community.dao.UserMapper.selectById  : ==> Parameters: 163(Integer)
2023-05-09 10:39:52.482 DEBUG 97358 --- [http-nio-8080-exec-2] c.s.community.dao.UserMapper.selectById  : <==      Total: 1
2023-05-09 10:39:52.498 DEBUG 97358 --- [http-nio-8080-exec-2] c.s.c.d.D.selectDiscussPostRows          : ==>  Preparing: select count(id) from discuss_post where status != 2 
2023-05-09 10:39:52.498 DEBUG 97358 --- [http-nio-8080-exec-2] c.s.c.d.D.selectDiscussPostRows          : ==> Parameters: 
2023-05-09 10:39:52.501 DEBUG 97358 --- [http-nio-8080-exec-2] c.s.c.d.D.selectDiscussPostRows          : <==      Total: 1
2023-05-09 10:39:52.502 DEBUG 97358 --- [http-nio-8080-exec-2] c.s.c.d.D.selectDiscussPosts             : ==>  Preparing: select id, user_id, title, content, type, status, create_time, comment_count, score from discuss_post where status != 2 order by type desc, create_time desc limit ?, ? 
2023-05-09 10:39:52.503 DEBUG 97358 --- [http-nio-8080-exec-2] c.s.c.d.D.selectDiscussPosts             : ==> Parameters: 0(Integer), 10(Integer)
2023-05-09 10:39:52.511 DEBUG 97358 --- [http-nio-8080-exec-2] c.s.c.d.D.selectDiscussPosts             : <==      Total: 10
2023-05-09 10:39:52.511 DEBUG 97358 --- [http-nio-8080-exec-2] c.s.community.dao.UserMapper.selectById  : ==>  Preparing: select id, username, password, salt, email, type, status, activation_code, header_url, create_time from user where id = ? 
2023-05-09 10:39:52.512 DEBUG 97358 --- [http-nio-8080-exec-2] c.s.community.dao.UserMapper.selectById  : ==> Parameters: 11(Integer)
2023-05-09 10:39:52.513 DEBUG 97358 --- [http-nio-8080-exec-2] c.s.community.dao.UserMapper.selectById  : <==      Total: 1
2023-05-09 10:39:52.513 DEBUG 97358 --- [http-nio-8080-exec-2] c.s.community.dao.UserMapper.selectById  : ==>  Preparing: select id, username, password, salt, email, type, status, activation_code, header_url, create_time from user where id = ? 
2023-05-09 10:39:52.513 DEBUG 97358 --- [http-nio-8080-exec-2] c.s.community.dao.UserMapper.selectById  : ==> Parameters: 111(Integer)
2023-05-09 10:39:52.514 DEBUG 97358 --- [http-nio-8080-exec-2] c.s.community.dao.UserMapper.selectById  : <==      Total: 1
2023-05-09 10:39:52.515 DEBUG 97358 --- [http-nio-8080-exec-2] c.s.community.dao.UserMapper.selectById  : ==>  Preparing: select id, username, password, salt, email, type, status, activation_code, header_url, create_time from user where id = ? 
2023-05-09 10:39:52.515 DEBUG 97358 --- [http-nio-8080-exec-2] c.s.community.dao.UserMapper.selectById  : ==> Parameters: 149(Integer)
2023-05-09 10:39:52.516 DEBUG 97358 --- [http-nio-8080-exec-2] c.s.community.dao.UserMapper.selectById  : <==      Total: 1
2023-05-09 10:39:52.517 DEBUG 97358 --- [http-nio-8080-exec-2] c.s.community.dao.UserMapper.selectById  : ==>  Preparing: select id, username, password, salt, email, type, status, activation_code, header_url, create_time from user where id = ? 
2023-05-09 10:39:52.517 DEBUG 97358 --- [http-nio-8080-exec-2] c.s.community.dao.UserMapper.selectById  : ==> Parameters: 149(Integer)
2023-05-09 10:39:52.518 DEBUG 97358 --- [http-nio-8080-exec-2] c.s.community.dao.UserMapper.selectById  : <==      Total: 1
2023-05-09 10:39:52.518 DEBUG 97358 --- [http-nio-8080-exec-2] c.s.community.dao.UserMapper.selectById  : ==>  Preparing: select id, username, password, salt, email, type, status, activation_code, header_url, create_time from user where id = ? 
2023-05-09 10:39:52.518 DEBUG 97358 --- [http-nio-8080-exec-2] c.s.community.dao.UserMapper.selectById  : ==> Parameters: 149(Integer)
2023-05-09 10:39:52.519 DEBUG 97358 --- [http-nio-8080-exec-2] c.s.community.dao.UserMapper.selectById  : <==      Total: 1
2023-05-09 10:39:52.519 DEBUG 97358 --- [http-nio-8080-exec-2] c.s.community.dao.UserMapper.selectById  : ==>  Preparing: select id, username, password, salt, email, type, status, activation_code, header_url, create_time from user where id = ? 
2023-05-09 10:39:52.520 DEBUG 97358 --- [http-nio-8080-exec-2] c.s.community.dao.UserMapper.selectById  : ==> Parameters: 146(Integer)
2023-05-09 10:39:52.521 DEBUG 97358 --- [http-nio-8080-exec-2] c.s.community.dao.UserMapper.selectById  : <==      Total: 1
2023-05-09 10:39:52.521 DEBUG 97358 --- [http-nio-8080-exec-2] c.s.community.dao.UserMapper.selectById  : ==>  Preparing: select id, username, password, salt, email, type, status, activation_code, header_url, create_time from user where id = ? 
2023-05-09 10:39:52.521 DEBUG 97358 --- [http-nio-8080-exec-2] c.s.community.dao.UserMapper.selectById  : ==> Parameters: 145(Integer)
2023-05-09 10:39:52.522 DEBUG 97358 --- [http-nio-8080-exec-2] c.s.community.dao.UserMapper.selectById  : <==      Total: 1
2023-05-09 10:39:52.522 DEBUG 97358 --- [http-nio-8080-exec-2] c.s.community.dao.UserMapper.selectById  : ==>  Preparing: select id, username, password, salt, email, type, status, activation_code, header_url, create_time from user where id = ? 
2023-05-09 10:39:52.522 DEBUG 97358 --- [http-nio-8080-exec-2] c.s.community.dao.UserMapper.selectById  : ==> Parameters: 138(Integer)
2023-05-09 10:39:52.523 DEBUG 97358 --- [http-nio-8080-exec-2] c.s.community.dao.UserMapper.selectById  : <==      Total: 1
2023-05-09 10:39:52.524 DEBUG 97358 --- [http-nio-8080-exec-2] c.s.community.dao.UserMapper.selectById  : ==>  Preparing: select id, username, password, salt, email, type, status, activation_code, header_url, create_time from user where id = ? 
2023-05-09 10:39:52.524 DEBUG 97358 --- [http-nio-8080-exec-2] c.s.community.dao.UserMapper.selectById  : ==> Parameters: 138(Integer)
2023-05-09 10:39:52.525 DEBUG 97358 --- [http-nio-8080-exec-2] c.s.community.dao.UserMapper.selectById  : <==      Total: 1
2023-05-09 10:39:52.525 DEBUG 97358 --- [http-nio-8080-exec-2] c.s.community.dao.UserMapper.selectById  : ==>  Preparing: select id, username, password, salt, email, type, status, activation_code, header_url, create_time from user where id = ? 
2023-05-09 10:39:52.526 DEBUG 97358 --- [http-nio-8080-exec-2] c.s.community.dao.UserMapper.selectById  : ==> Parameters: 103(Integer)
2023-05-09 10:39:52.527 DEBUG 97358 --- [http-nio-8080-exec-2] c.s.community.dao.UserMapper.selectById  : <==      Total: 1
2023-05-09 10:39:57.794 DEBUG 97358 --- [http-nio-8080-exec-7] c.s.c.d.L.selectByTicket                 : ==>  Preparing: select id,user_id,ticket,status,expired from login_ticket where ticket=? 
2023-05-09 10:39:57.795 DEBUG 97358 --- [http-nio-8080-exec-7] c.s.c.d.L.selectByTicket                 : ==> Parameters: 53e3b76f735c400e8342bd31cc950b03(String)
2023-05-09 10:39:57.797 DEBUG 97358 --- [http-nio-8080-exec-7] c.s.c.d.L.selectByTicket                 : <==      Total: 1
2023-05-09 10:39:57.798 DEBUG 97358 --- [http-nio-8080-exec-7] c.s.community.dao.UserMapper.selectById  : ==>  Preparing: select id, username, password, salt, email, type, status, activation_code, header_url, create_time from user where id = ? 
2023-05-09 10:39:57.799 DEBUG 97358 --- [http-nio-8080-exec-7] c.s.community.dao.UserMapper.selectById  : ==> Parameters: 163(Integer)
2023-05-09 10:39:57.800 DEBUG 97358 --- [http-nio-8080-exec-7] c.s.community.dao.UserMapper.selectById  : <==      Total: 1
2023-05-09 10:39:57.803 DEBUG 97358 --- [http-nio-8080-exec-7] c.s.c.d.LoginTicketMapper.updateStatus   : ==>  Preparing: update login_ticket set status=? where ticket=? and 1=1 
2023-05-09 10:39:57.803 DEBUG 97358 --- [http-nio-8080-exec-7] c.s.c.d.LoginTicketMapper.updateStatus   : ==> Parameters: 1(Integer), 53e3b76f735c400e8342bd31cc950b03(String)
2023-05-09 10:39:57.806 DEBUG 97358 --- [http-nio-8080-exec-7] c.s.c.d.LoginTicketMapper.updateStatus   : <==    Updates: 1
2023-05-09 10:39:57.813 DEBUG 97358 --- [http-nio-8080-exec-8] c.s.c.d.L.selectByTicket                 : ==>  Preparing: select id,user_id,ticket,status,expired from login_ticket where ticket=? 
2023-05-09 10:39:57.813 DEBUG 97358 --- [http-nio-8080-exec-8] c.s.c.d.L.selectByTicket                 : ==> Parameters: 53e3b76f735c400e8342bd31cc950b03(String)
2023-05-09 10:39:57.815 DEBUG 97358 --- [http-nio-8080-exec-8] c.s.c.d.L.selectByTicket                 : <==      Total: 1
2023-05-09 10:39:57.849 DEBUG 97358 --- [http-nio-8080-exec-10] c.s.c.d.L.selectByTicket                 : ==>  Preparing: select id,user_id,ticket,status,expired from login_ticket where ticket=? 
2023-05-09 10:39:57.850 DEBUG 97358 --- [http-nio-8080-exec-10] c.s.c.d.L.selectByTicket                 : ==> Parameters: 53e3b76f735c400e8342bd31cc950b03(String)
2023-05-09 10:39:57.851 DEBUG 97358 --- [http-nio-8080-exec-10] c.s.c.d.L.selectByTicket                 : <==      Total: 1
2023-05-09 10:39:57.856 DEBUG 97358 --- [http-nio-8080-exec-10] c.s.c.d.L.selectByTicket                 : ==>  Preparing: select id,user_id,ticket,status,expired from login_ticket where ticket=? 
2023-05-09 10:39:57.857 DEBUG 97358 --- [http-nio-8080-exec-10] c.s.c.d.L.selectByTicket                 : ==> Parameters: 53e3b76f735c400e8342bd31cc950b03(String)
2023-05-09 10:39:57.858 DEBUG 97358 --- [http-nio-8080-exec-10] c.s.c.d.L.selectByTicket                 : <==      Total: 1
2023-05-09 10:40:10.566 DEBUG 97358 --- [http-nio-8080-exec-1] c.s.c.d.L.selectByTicket                 : ==>  Preparing: select id,user_id,ticket,status,expired from login_ticket where ticket=? 
2023-05-09 10:40:10.567 DEBUG 97358 --- [http-nio-8080-exec-1] c.s.c.d.L.selectByTicket                 : ==> Parameters: 53e3b76f735c400e8342bd31cc950b03(String)
2023-05-09 10:40:10.568 DEBUG 97358 --- [http-nio-8080-exec-1] c.s.c.d.L.selectByTicket                 : <==      Total: 1
2023-05-09 10:52:44.569  INFO 97358 --- [SpringApplicationShutdownHook] com.zaxxer.hikari.HikariDataSource       : HikariPool-1 - Shutdown initiated...
2023-05-09 10:52:44.574  INFO 97358 --- [SpringApplicationShutdownHook] com.zaxxer.hikari.HikariDataSource       : HikariPool-1 - Shutdown completed.
2023-05-09 10:52:48.493  INFO 97722 --- [main] com.swu.community.DemoApplication        : Starting DemoApplication using Java 1.8.0_251 on liuyafeideMacBook-Pro.local with PID 97722 (/Users/liuyafei/Downloads/swu-community/target/classes started by liuyafei in /Users/liuyafei/Downloads/swu-community)
2023-05-09 10:52:48.496 DEBUG 97722 --- [main] com.swu.community.DemoApplication        : Running with Spring Boot v2.7.11, Spring v5.3.27
2023-05-09 10:52:48.497  INFO 97722 --- [main] com.swu.community.DemoApplication        : No active profile set, falling back to 1 default profile: "default"
2023-05-09 10:52:49.535  INFO 97722 --- [main] o.s.b.w.embedded.tomcat.TomcatWebServer  : Tomcat initialized with port(s): 8080 (http)
2023-05-09 10:52:49.542  INFO 97722 --- [main] o.apache.catalina.core.StandardService   : Starting service [Tomcat]
2023-05-09 10:52:49.542  INFO 97722 --- [main] org.apache.catalina.core.StandardEngine  : Starting Servlet engine: [Apache Tomcat/9.0.74]
2023-05-09 10:52:49.639  INFO 97722 --- [main] o.a.c.c.C.[.[localhost].[/community]     : Initializing Spring embedded WebApplicationContext
2023-05-09 10:52:49.640  INFO 97722 --- [main] w.s.c.ServletWebServerApplicationContext : Root WebApplicationContext: initialization completed in 1100 ms
2023-05-09 10:52:50.166  INFO 97722 --- [main] o.s.b.a.w.s.WelcomePageHandlerMapping    : Adding welcome page template: index
2023-05-09 10:52:50.388  INFO 97722 --- [main] o.s.b.w.embedded.tomcat.TomcatWebServer  : Tomcat started on port(s): 8080 (http) with context path '/community'
2023-05-09 10:52:50.396  INFO 97722 --- [main] com.swu.community.DemoApplication        : Started DemoApplication in 2.278 seconds (JVM running for 2.841)
2023-05-09 10:52:52.969  INFO 97722 --- [http-nio-8080-exec-1] o.a.c.c.C.[.[localhost].[/community]     : Initializing Spring DispatcherServlet 'dispatcherServlet'
2023-05-09 10:52:52.970  INFO 97722 --- [http-nio-8080-exec-1] o.s.web.servlet.DispatcherServlet        : Initializing Servlet 'dispatcherServlet'
2023-05-09 10:52:52.971  INFO 97722 --- [http-nio-8080-exec-1] o.s.web.servlet.DispatcherServlet        : Completed initialization in 1 ms
2023-05-09 10:52:52.996  INFO 97722 --- [http-nio-8080-exec-1] com.zaxxer.hikari.HikariDataSource       : HikariPool-1 - Starting...
2023-05-09 10:52:53.093  INFO 97722 --- [http-nio-8080-exec-1] com.zaxxer.hikari.HikariDataSource       : HikariPool-1 - Start completed.
2023-05-09 10:52:53.098 DEBUG 97722 --- [http-nio-8080-exec-1] c.s.c.d.L.selectByTicket                 : ==>  Preparing: select id,user_id,ticket,status,expired from login_ticket where ticket=? 
2023-05-09 10:52:53.116 DEBUG 97722 --- [http-nio-8080-exec-1] c.s.c.d.L.selectByTicket                 : ==> Parameters: 53e3b76f735c400e8342bd31cc950b03(String)
2023-05-09 10:52:53.152 DEBUG 97722 --- [http-nio-8080-exec-1] c.s.c.d.L.selectByTicket                 : <==      Total: 1
2023-05-09 10:52:55.130 DEBUG 97722 --- [http-nio-8080-exec-5] c.s.c.d.L.selectByTicket                 : ==>  Preparing: select id,user_id,ticket,status,expired from login_ticket where ticket=? 
2023-05-09 10:52:55.131 DEBUG 97722 --- [http-nio-8080-exec-5] c.s.c.d.L.selectByTicket                 : ==> Parameters: 53e3b76f735c400e8342bd31cc950b03(String)
2023-05-09 10:52:55.133 DEBUG 97722 --- [http-nio-8080-exec-5] c.s.c.d.L.selectByTicket                 : <==      Total: 1
2023-05-09 10:52:55.953 DEBUG 97722 --- [http-nio-8080-exec-6] c.s.c.d.L.selectByTicket                 : ==>  Preparing: select id,user_id,ticket,status,expired from login_ticket where ticket=? 
2023-05-09 10:52:55.953 DEBUG 97722 --- [http-nio-8080-exec-6] c.s.c.d.L.selectByTicket                 : ==> Parameters: 53e3b76f735c400e8342bd31cc950b03(String)
2023-05-09 10:52:55.955 DEBUG 97722 --- [http-nio-8080-exec-6] c.s.c.d.L.selectByTicket                 : <==      Total: 1
2023-05-09 10:52:56.494 DEBUG 97722 --- [http-nio-8080-exec-7] c.s.c.d.L.selectByTicket                 : ==>  Preparing: select id,user_id,ticket,status,expired from login_ticket where ticket=? 
2023-05-09 10:52:56.495 DEBUG 97722 --- [http-nio-8080-exec-7] c.s.c.d.L.selectByTicket                 : ==> Parameters: 53e3b76f735c400e8342bd31cc950b03(String)
2023-05-09 10:52:56.496 DEBUG 97722 --- [http-nio-8080-exec-7] c.s.c.d.L.selectByTicket                 : <==      Total: 1
2023-05-09 10:52:57.018 DEBUG 97722 --- [http-nio-8080-exec-8] c.s.c.d.L.selectByTicket                 : ==>  Preparing: select id,user_id,ticket,status,expired from login_ticket where ticket=? 
2023-05-09 10:52:57.019 DEBUG 97722 --- [http-nio-8080-exec-8] c.s.c.d.L.selectByTicket                 : ==> Parameters: 53e3b76f735c400e8342bd31cc950b03(String)
2023-05-09 10:52:57.020 DEBUG 97722 --- [http-nio-8080-exec-8] c.s.c.d.L.selectByTicket                 : <==      Total: 1
2023-05-09 10:52:57.407 DEBUG 97722 --- [http-nio-8080-exec-9] c.s.c.d.L.selectByTicket                 : ==>  Preparing: select id,user_id,ticket,status,expired from login_ticket where ticket=? 
2023-05-09 10:52:57.408 DEBUG 97722 --- [http-nio-8080-exec-9] c.s.c.d.L.selectByTicket                 : ==> Parameters: 53e3b76f735c400e8342bd31cc950b03(String)
2023-05-09 10:52:57.410 DEBUG 97722 --- [http-nio-8080-exec-9] c.s.c.d.L.selectByTicket                 : <==      Total: 1
2023-05-09 10:54:27.874  INFO 97722 --- [SpringApplicationShutdownHook] com.zaxxer.hikari.HikariDataSource       : HikariPool-1 - Shutdown initiated...
2023-05-09 10:54:27.879  INFO 97722 --- [SpringApplicationShutdownHook] com.zaxxer.hikari.HikariDataSource       : HikariPool-1 - Shutdown completed.
2023-05-09 10:54:31.005  INFO 97778 --- [main] com.swu.community.DemoApplication        : Starting DemoApplication using Java 1.8.0_251 on liuyafeideMacBook-Pro.local with PID 97778 (/Users/liuyafei/Downloads/swu-community/target/classes started by liuyafei in /Users/liuyafei/Downloads/swu-community)
2023-05-09 10:54:31.006 DEBUG 97778 --- [main] com.swu.community.DemoApplication        : Running with Spring Boot v2.7.11, Spring v5.3.27
2023-05-09 10:54:31.007  INFO 97778 --- [main] com.swu.community.DemoApplication        : No active profile set, falling back to 1 default profile: "default"
2023-05-09 10:54:32.078  INFO 97778 --- [main] o.s.b.w.embedded.tomcat.TomcatWebServer  : Tomcat initialized with port(s): 8080 (http)
2023-05-09 10:54:32.086  INFO 97778 --- [main] o.apache.catalina.core.StandardService   : Starting service [Tomcat]
2023-05-09 10:54:32.086  INFO 97778 --- [main] org.apache.catalina.core.StandardEngine  : Starting Servlet engine: [Apache Tomcat/9.0.74]
2023-05-09 10:54:32.182  INFO 97778 --- [main] o.a.c.c.C.[.[localhost].[/community]     : Initializing Spring embedded WebApplicationContext
2023-05-09 10:54:32.182  INFO 97778 --- [main] w.s.c.ServletWebServerApplicationContext : Root WebApplicationContext: initialization completed in 1143 ms
2023-05-09 10:54:32.460  WARN 97778 --- [main] ConfigServletWebServerApplicationContext : Exception encountered during context initialization - cancelling refresh attempt: org.springframework.beans.factory.UnsatisfiedDependencyException: Error creating bean with name 'loginController': Unsatisfied dependency expressed through field 'kaptchaProducer'; nested exception is org.springframework.beans.factory.NoSuchBeanDefinitionException: No qualifying bean of type 'com.google.code.kaptcha.Producer' available: expected at least 1 bean which qualifies as autowire candidate. Dependency annotations: {@org.springframework.beans.factory.annotation.Autowired(required=true)}
2023-05-09 10:54:32.462  INFO 97778 --- [main] o.apache.catalina.core.StandardService   : Stopping service [Tomcat]
2023-05-09 10:54:32.473  INFO 97778 --- [main] ConditionEvaluationReportLoggingListener : 

Error starting ApplicationContext. To display the conditions report re-run your application with 'debug' enabled.
2023-05-09 10:54:32.494 ERROR 97778 --- [main] o.s.b.d.LoggingFailureAnalysisReporter   : 

***************************
APPLICATION FAILED TO START
***************************

Description:

Field kaptchaProducer in com.swu.community.controller.LoginController required a bean of type 'com.google.code.kaptcha.Producer' that could not be found.

The injection point has the following annotations:
	- @org.springframework.beans.factory.annotation.Autowired(required=true)


Action:

Consider defining a bean of type 'com.google.code.kaptcha.Producer' in your configuration.

2023-05-09 10:56:27.066  INFO 97820 --- [main] com.swu.community.DemoApplication        : Starting DemoApplication using Java 1.8.0_251 on liuyafeideMacBook-Pro.local with PID 97820 (/Users/liuyafei/Downloads/swu-community/target/classes started by liuyafei in /Users/liuyafei/Downloads/swu-community)
2023-05-09 10:56:27.068 DEBUG 97820 --- [main] com.swu.community.DemoApplication        : Running with Spring Boot v2.7.11, Spring v5.3.27
2023-05-09 10:56:27.068  INFO 97820 --- [main] com.swu.community.DemoApplication        : No active profile set, falling back to 1 default profile: "default"
2023-05-09 10:56:27.854  INFO 97820 --- [main] o.s.b.w.embedded.tomcat.TomcatWebServer  : Tomcat initialized with port(s): 8080 (http)
2023-05-09 10:56:27.860  INFO 97820 --- [main] o.apache.catalina.core.StandardService   : Starting service [Tomcat]
2023-05-09 10:56:27.861  INFO 97820 --- [main] org.apache.catalina.core.StandardEngine  : Starting Servlet engine: [Apache Tomcat/9.0.74]
2023-05-09 10:56:27.951  INFO 97820 --- [main] o.a.c.c.C.[.[localhost].[/community]     : Initializing Spring embedded WebApplicationContext
2023-05-09 10:56:27.952  INFO 97820 --- [main] w.s.c.ServletWebServerApplicationContext : Root WebApplicationContext: initialization completed in 855 ms
2023-05-09 10:56:28.199  WARN 97820 --- [main] ConfigServletWebServerApplicationContext : Exception encountered during context initialization - cancelling refresh attempt: org.springframework.beans.factory.UnsatisfiedDependencyException: Error creating bean with name 'loginController': Unsatisfied dependency expressed through field 'kaptchaProducer'; nested exception is org.springframework.beans.factory.NoSuchBeanDefinitionException: No qualifying bean of type 'com.google.code.kaptcha.Producer' available: expected at least 1 bean which qualifies as autowire candidate. Dependency annotations: {@org.springframework.beans.factory.annotation.Autowired(required=true)}
2023-05-09 10:56:28.202  INFO 97820 --- [main] o.apache.catalina.core.StandardService   : Stopping service [Tomcat]
2023-05-09 10:56:28.211  INFO 97820 --- [main] ConditionEvaluationReportLoggingListener : 

Error starting ApplicationContext. To display the conditions report re-run your application with 'debug' enabled.
2023-05-09 10:56:28.227 ERROR 97820 --- [main] o.s.b.d.LoggingFailureAnalysisReporter   : 

***************************
APPLICATION FAILED TO START
***************************

Description:

Field kaptchaProducer in com.swu.community.controller.LoginController required a bean of type 'com.google.code.kaptcha.Producer' that could not be found.

The injection point has the following annotations:
	- @org.springframework.beans.factory.annotation.Autowired(required=true)


Action:

Consider defining a bean of type 'com.google.code.kaptcha.Producer' in your configuration.

2023-05-09 10:58:02.689  INFO 97863 --- [main] com.swu.community.DemoApplication        : Starting DemoApplication using Java 1.8.0_251 on liuyafeideMacBook-Pro.local with PID 97863 (/Users/liuyafei/Downloads/swu-community/target/classes started by liuyafei in /Users/liuyafei/Downloads/swu-community)
2023-05-09 10:58:02.691 DEBUG 97863 --- [main] com.swu.community.DemoApplication        : Running with Spring Boot v2.7.11, Spring v5.3.27
2023-05-09 10:58:02.692  INFO 97863 --- [main] com.swu.community.DemoApplication        : No active profile set, falling back to 1 default profile: "default"
2023-05-09 10:58:03.549  INFO 97863 --- [main] o.s.b.w.embedded.tomcat.TomcatWebServer  : Tomcat initialized with port(s): 8080 (http)
2023-05-09 10:58:03.556  INFO 97863 --- [main] o.apache.catalina.core.StandardService   : Starting service [Tomcat]
2023-05-09 10:58:03.556  INFO 97863 --- [main] org.apache.catalina.core.StandardEngine  : Starting Servlet engine: [Apache Tomcat/9.0.74]
2023-05-09 10:58:03.648  INFO 97863 --- [main] o.a.c.c.C.[.[localhost].[/community]     : Initializing Spring embedded WebApplicationContext
2023-05-09 10:58:03.648  INFO 97863 --- [main] w.s.c.ServletWebServerApplicationContext : Root WebApplicationContext: initialization completed in 928 ms
2023-05-09 10:58:04.125  INFO 97863 --- [main] o.s.b.a.w.s.WelcomePageHandlerMapping    : Adding welcome page template: index
2023-05-09 10:58:04.339  INFO 97863 --- [main] o.s.b.w.embedded.tomcat.TomcatWebServer  : Tomcat started on port(s): 8080 (http) with context path '/community'
2023-05-09 10:58:04.348  INFO 97863 --- [main] com.swu.community.DemoApplication        : Started DemoApplication in 1.977 seconds (JVM running for 2.425)
2023-05-09 10:58:06.827  INFO 97863 --- [http-nio-8080-exec-1] o.a.c.c.C.[.[localhost].[/community]     : Initializing Spring DispatcherServlet 'dispatcherServlet'
2023-05-09 10:58:06.827  INFO 97863 --- [http-nio-8080-exec-1] o.s.web.servlet.DispatcherServlet        : Initializing Servlet 'dispatcherServlet'
2023-05-09 10:58:06.828  INFO 97863 --- [http-nio-8080-exec-1] o.s.web.servlet.DispatcherServlet        : Completed initialization in 1 ms
2023-05-09 10:58:06.854  INFO 97863 --- [http-nio-8080-exec-1] com.zaxxer.hikari.HikariDataSource       : HikariPool-1 - Starting...
2023-05-09 10:58:06.952  INFO 97863 --- [http-nio-8080-exec-1] com.zaxxer.hikari.HikariDataSource       : HikariPool-1 - Start completed.
2023-05-09 10:58:06.957 DEBUG 97863 --- [http-nio-8080-exec-1] c.s.c.d.L.selectByTicket                 : ==>  Preparing: select id,user_id,ticket,status,expired from login_ticket where ticket=? 
2023-05-09 10:58:06.977 DEBUG 97863 --- [http-nio-8080-exec-1] c.s.c.d.L.selectByTicket                 : ==> Parameters: 53e3b76f735c400e8342bd31cc950b03(String)
2023-05-09 10:58:06.999 DEBUG 97863 --- [http-nio-8080-exec-1] c.s.c.d.L.selectByTicket                 : <==      Total: 1
2023-05-09 10:58:08.680 DEBUG 97863 --- [http-nio-8080-exec-5] c.s.c.d.L.selectByTicket                 : ==>  Preparing: select id,user_id,ticket,status,expired from login_ticket where ticket=? 
2023-05-09 10:58:08.681 DEBUG 97863 --- [http-nio-8080-exec-5] c.s.c.d.L.selectByTicket                 : ==> Parameters: 53e3b76f735c400e8342bd31cc950b03(String)
2023-05-09 10:58:08.682 DEBUG 97863 --- [http-nio-8080-exec-5] c.s.c.d.L.selectByTicket                 : <==      Total: 1
2023-05-09 10:58:09.437 DEBUG 97863 --- [http-nio-8080-exec-6] c.s.c.d.L.selectByTicket                 : ==>  Preparing: select id,user_id,ticket,status,expired from login_ticket where ticket=? 
2023-05-09 10:58:09.438 DEBUG 97863 --- [http-nio-8080-exec-6] c.s.c.d.L.selectByTicket                 : ==> Parameters: 53e3b76f735c400e8342bd31cc950b03(String)
2023-05-09 10:58:09.439 DEBUG 97863 --- [http-nio-8080-exec-6] c.s.c.d.L.selectByTicket                 : <==      Total: 1
2023-05-09 10:58:09.984 DEBUG 97863 --- [http-nio-8080-exec-7] c.s.c.d.L.selectByTicket                 : ==>  Preparing: select id,user_id,ticket,status,expired from login_ticket where ticket=? 
2023-05-09 10:58:09.985 DEBUG 97863 --- [http-nio-8080-exec-7] c.s.c.d.L.selectByTicket                 : ==> Parameters: 53e3b76f735c400e8342bd31cc950b03(String)
2023-05-09 10:58:09.986 DEBUG 97863 --- [http-nio-8080-exec-7] c.s.c.d.L.selectByTicket                 : <==      Total: 1
2023-05-09 10:58:10.177 DEBUG 97863 --- [http-nio-8080-exec-8] c.s.c.d.L.selectByTicket                 : ==>  Preparing: select id,user_id,ticket,status,expired from login_ticket where ticket=? 
2023-05-09 10:58:10.177 DEBUG 97863 --- [http-nio-8080-exec-8] c.s.c.d.L.selectByTicket                 : ==> Parameters: 53e3b76f735c400e8342bd31cc950b03(String)
2023-05-09 10:58:10.180 DEBUG 97863 --- [http-nio-8080-exec-8] c.s.c.d.L.selectByTicket                 : <==      Total: 1
2023-05-09 10:58:10.380 DEBUG 97863 --- [http-nio-8080-exec-9] c.s.c.d.L.selectByTicket                 : ==>  Preparing: select id,user_id,ticket,status,expired from login_ticket where ticket=? 
2023-05-09 10:58:10.380 DEBUG 97863 --- [http-nio-8080-exec-9] c.s.c.d.L.selectByTicket                 : ==> Parameters: 53e3b76f735c400e8342bd31cc950b03(String)
2023-05-09 10:58:10.382 DEBUG 97863 --- [http-nio-8080-exec-9] c.s.c.d.L.selectByTicket                 : <==      Total: 1
2023-05-09 10:58:10.571 DEBUG 97863 --- [http-nio-8080-exec-10] c.s.c.d.L.selectByTicket                 : ==>  Preparing: select id,user_id,ticket,status,expired from login_ticket where ticket=? 
2023-05-09 10:58:10.572 DEBUG 97863 --- [http-nio-8080-exec-10] c.s.c.d.L.selectByTicket                 : ==> Parameters: 53e3b76f735c400e8342bd31cc950b03(String)
2023-05-09 10:58:10.573 DEBUG 97863 --- [http-nio-8080-exec-10] c.s.c.d.L.selectByTicket                 : <==      Total: 1
2023-05-09 10:58:10.950 DEBUG 97863 --- [http-nio-8080-exec-1] c.s.c.d.L.selectByTicket                 : ==>  Preparing: select id,user_id,ticket,status,expired from login_ticket where ticket=? 
2023-05-09 10:58:10.952 DEBUG 97863 --- [http-nio-8080-exec-1] c.s.c.d.L.selectByTicket                 : ==> Parameters: 53e3b76f735c400e8342bd31cc950b03(String)
2023-05-09 10:58:10.953 DEBUG 97863 --- [http-nio-8080-exec-1] c.s.c.d.L.selectByTicket                 : <==      Total: 1
2023-05-09 10:58:11.458 DEBUG 97863 --- [http-nio-8080-exec-4] c.s.c.d.L.selectByTicket                 : ==>  Preparing: select id,user_id,ticket,status,expired from login_ticket where ticket=? 
2023-05-09 10:58:11.459 DEBUG 97863 --- [http-nio-8080-exec-4] c.s.c.d.L.selectByTicket                 : ==> Parameters: 53e3b76f735c400e8342bd31cc950b03(String)
2023-05-09 10:58:11.460 DEBUG 97863 --- [http-nio-8080-exec-4] c.s.c.d.L.selectByTicket                 : <==      Total: 1
2023-05-09 10:58:11.661 DEBUG 97863 --- [http-nio-8080-exec-3] c.s.c.d.L.selectByTicket                 : ==>  Preparing: select id,user_id,ticket,status,expired from login_ticket where ticket=? 
2023-05-09 10:58:11.662 DEBUG 97863 --- [http-nio-8080-exec-3] c.s.c.d.L.selectByTicket                 : ==> Parameters: 53e3b76f735c400e8342bd31cc950b03(String)
2023-05-09 10:58:11.663 DEBUG 97863 --- [http-nio-8080-exec-3] c.s.c.d.L.selectByTicket                 : <==      Total: 1
2023-05-09 10:58:11.860 DEBUG 97863 --- [http-nio-8080-exec-2] c.s.c.d.L.selectByTicket                 : ==>  Preparing: select id,user_id,ticket,status,expired from login_ticket where ticket=? 
2023-05-09 10:58:11.861 DEBUG 97863 --- [http-nio-8080-exec-2] c.s.c.d.L.selectByTicket                 : ==> Parameters: 53e3b76f735c400e8342bd31cc950b03(String)
2023-05-09 10:58:11.862 DEBUG 97863 --- [http-nio-8080-exec-2] c.s.c.d.L.selectByTicket                 : <==      Total: 1
2023-05-09 10:58:12.055 DEBUG 97863 --- [http-nio-8080-exec-5] c.s.c.d.L.selectByTicket                 : ==>  Preparing: select id,user_id,ticket,status,expired from login_ticket where ticket=? 
2023-05-09 10:58:12.055 DEBUG 97863 --- [http-nio-8080-exec-5] c.s.c.d.L.selectByTicket                 : ==> Parameters: 53e3b76f735c400e8342bd31cc950b03(String)
2023-05-09 10:58:12.057 DEBUG 97863 --- [http-nio-8080-exec-5] c.s.c.d.L.selectByTicket                 : <==      Total: 1
2023-05-09 10:58:13.371 DEBUG 97863 --- [http-nio-8080-exec-6] c.s.c.d.L.selectByTicket                 : ==>  Preparing: select id,user_id,ticket,status,expired from login_ticket where ticket=? 
2023-05-09 10:58:13.372 DEBUG 97863 --- [http-nio-8080-exec-6] c.s.c.d.L.selectByTicket                 : ==> Parameters: 53e3b76f735c400e8342bd31cc950b03(String)
2023-05-09 10:58:13.373 DEBUG 97863 --- [http-nio-8080-exec-6] c.s.c.d.L.selectByTicket                 : <==      Total: 1
2023-05-09 10:58:13.396 DEBUG 97863 --- [http-nio-8080-exec-6] c.s.c.d.D.selectDiscussPostRows          : ==>  Preparing: select count(id) from discuss_post where status != 2 
2023-05-09 10:58:13.396 DEBUG 97863 --- [http-nio-8080-exec-6] c.s.c.d.D.selectDiscussPostRows          : ==> Parameters: 
2023-05-09 10:58:13.399 DEBUG 97863 --- [http-nio-8080-exec-6] c.s.c.d.D.selectDiscussPostRows          : <==      Total: 1
2023-05-09 10:58:13.400 DEBUG 97863 --- [http-nio-8080-exec-6] c.s.c.d.D.selectDiscussPosts             : ==>  Preparing: select id, user_id, title, content, type, status, create_time, comment_count, score from discuss_post where status != 2 order by type desc, create_time desc limit ?, ? 
2023-05-09 10:58:13.400 DEBUG 97863 --- [http-nio-8080-exec-6] c.s.c.d.D.selectDiscussPosts             : ==> Parameters: 0(Integer), 10(Integer)
2023-05-09 10:58:13.407 DEBUG 97863 --- [http-nio-8080-exec-6] c.s.c.d.D.selectDiscussPosts             : <==      Total: 10
2023-05-09 10:58:13.407 DEBUG 97863 --- [http-nio-8080-exec-6] c.s.community.dao.UserMapper.selectById  : ==>  Preparing: select id, username, password, salt, email, type, status, activation_code, header_url, create_time from user where id = ? 
2023-05-09 10:58:13.408 DEBUG 97863 --- [http-nio-8080-exec-6] c.s.community.dao.UserMapper.selectById  : ==> Parameters: 11(Integer)
2023-05-09 10:58:13.413 DEBUG 97863 --- [http-nio-8080-exec-6] c.s.community.dao.UserMapper.selectById  : <==      Total: 1
2023-05-09 10:58:13.414 DEBUG 97863 --- [http-nio-8080-exec-6] c.s.community.dao.UserMapper.selectById  : ==>  Preparing: select id, username, password, salt, email, type, status, activation_code, header_url, create_time from user where id = ? 
2023-05-09 10:58:13.415 DEBUG 97863 --- [http-nio-8080-exec-6] c.s.community.dao.UserMapper.selectById  : ==> Parameters: 111(Integer)
2023-05-09 10:58:13.416 DEBUG 97863 --- [http-nio-8080-exec-6] c.s.community.dao.UserMapper.selectById  : <==      Total: 1
2023-05-09 10:58:13.416 DEBUG 97863 --- [http-nio-8080-exec-6] c.s.community.dao.UserMapper.selectById  : ==>  Preparing: select id, username, password, salt, email, type, status, activation_code, header_url, create_time from user where id = ? 
2023-05-09 10:58:13.417 DEBUG 97863 --- [http-nio-8080-exec-6] c.s.community.dao.UserMapper.selectById  : ==> Parameters: 149(Integer)
2023-05-09 10:58:13.418 DEBUG 97863 --- [http-nio-8080-exec-6] c.s.community.dao.UserMapper.selectById  : <==      Total: 1
2023-05-09 10:58:13.418 DEBUG 97863 --- [http-nio-8080-exec-6] c.s.community.dao.UserMapper.selectById  : ==>  Preparing: select id, username, password, salt, email, type, status, activation_code, header_url, create_time from user where id = ? 
2023-05-09 10:58:13.418 DEBUG 97863 --- [http-nio-8080-exec-6] c.s.community.dao.UserMapper.selectById  : ==> Parameters: 149(Integer)
2023-05-09 10:58:13.419 DEBUG 97863 --- [http-nio-8080-exec-6] c.s.community.dao.UserMapper.selectById  : <==      Total: 1
2023-05-09 10:58:13.420 DEBUG 97863 --- [http-nio-8080-exec-6] c.s.community.dao.UserMapper.selectById  : ==>  Preparing: select id, username, password, salt, email, type, status, activation_code, header_url, create_time from user where id = ? 
2023-05-09 10:58:13.420 DEBUG 97863 --- [http-nio-8080-exec-6] c.s.community.dao.UserMapper.selectById  : ==> Parameters: 149(Integer)
2023-05-09 10:58:13.421 DEBUG 97863 --- [http-nio-8080-exec-6] c.s.community.dao.UserMapper.selectById  : <==      Total: 1
2023-05-09 10:58:13.422 DEBUG 97863 --- [http-nio-8080-exec-6] c.s.community.dao.UserMapper.selectById  : ==>  Preparing: select id, username, password, salt, email, type, status, activation_code, header_url, create_time from user where id = ? 
2023-05-09 10:58:13.422 DEBUG 97863 --- [http-nio-8080-exec-6] c.s.community.dao.UserMapper.selectById  : ==> Parameters: 146(Integer)
2023-05-09 10:58:13.423 DEBUG 97863 --- [http-nio-8080-exec-6] c.s.community.dao.UserMapper.selectById  : <==      Total: 1
2023-05-09 10:58:13.423 DEBUG 97863 --- [http-nio-8080-exec-6] c.s.community.dao.UserMapper.selectById  : ==>  Preparing: select id, username, password, salt, email, type, status, activation_code, header_url, create_time from user where id = ? 
2023-05-09 10:58:13.423 DEBUG 97863 --- [http-nio-8080-exec-6] c.s.community.dao.UserMapper.selectById  : ==> Parameters: 145(Integer)
2023-05-09 10:58:13.424 DEBUG 97863 --- [http-nio-8080-exec-6] c.s.community.dao.UserMapper.selectById  : <==      Total: 1
2023-05-09 10:58:13.425 DEBUG 97863 --- [http-nio-8080-exec-6] c.s.community.dao.UserMapper.selectById  : ==>  Preparing: select id, username, password, salt, email, type, status, activation_code, header_url, create_time from user where id = ? 
2023-05-09 10:58:13.425 DEBUG 97863 --- [http-nio-8080-exec-6] c.s.community.dao.UserMapper.selectById  : ==> Parameters: 138(Integer)
2023-05-09 10:58:13.426 DEBUG 97863 --- [http-nio-8080-exec-6] c.s.community.dao.UserMapper.selectById  : <==      Total: 1
2023-05-09 10:58:13.426 DEBUG 97863 --- [http-nio-8080-exec-6] c.s.community.dao.UserMapper.selectById  : ==>  Preparing: select id, username, password, salt, email, type, status, activation_code, header_url, create_time from user where id = ? 
2023-05-09 10:58:13.426 DEBUG 97863 --- [http-nio-8080-exec-6] c.s.community.dao.UserMapper.selectById  : ==> Parameters: 138(Integer)
2023-05-09 10:58:13.427 DEBUG 97863 --- [http-nio-8080-exec-6] c.s.community.dao.UserMapper.selectById  : <==      Total: 1
2023-05-09 10:58:13.427 DEBUG 97863 --- [http-nio-8080-exec-6] c.s.community.dao.UserMapper.selectById  : ==>  Preparing: select id, username, password, salt, email, type, status, activation_code, header_url, create_time from user where id = ? 
2023-05-09 10:58:13.428 DEBUG 97863 --- [http-nio-8080-exec-6] c.s.community.dao.UserMapper.selectById  : ==> Parameters: 103(Integer)
2023-05-09 10:58:13.429 DEBUG 97863 --- [http-nio-8080-exec-6] c.s.community.dao.UserMapper.selectById  : <==      Total: 1
2023-05-09 10:58:15.118 DEBUG 97863 --- [http-nio-8080-exec-9] c.s.c.d.L.selectByTicket                 : ==>  Preparing: select id,user_id,ticket,status,expired from login_ticket where ticket=? 
2023-05-09 10:58:15.118 DEBUG 97863 --- [http-nio-8080-exec-9] c.s.c.d.L.selectByTicket                 : ==> Parameters: 53e3b76f735c400e8342bd31cc950b03(String)
2023-05-09 10:58:15.119 DEBUG 97863 --- [http-nio-8080-exec-9] c.s.c.d.L.selectByTicket                 : <==      Total: 1
2023-05-09 10:58:15.133 DEBUG 97863 --- [http-nio-8080-exec-10] c.s.c.d.L.selectByTicket                 : ==>  Preparing: select id,user_id,ticket,status,expired from login_ticket where ticket=? 
2023-05-09 10:58:15.133 DEBUG 97863 --- [http-nio-8080-exec-10] c.s.c.d.L.selectByTicket                 : ==> Parameters: 53e3b76f735c400e8342bd31cc950b03(String)
2023-05-09 10:58:15.136 DEBUG 97863 --- [http-nio-8080-exec-10] c.s.c.d.L.selectByTicket                 : <==      Total: 1
2023-05-09 10:58:22.511 DEBUG 97863 --- [http-nio-8080-exec-1] c.s.c.d.L.selectByTicket                 : ==>  Preparing: select id,user_id,ticket,status,expired from login_ticket where ticket=? 
2023-05-09 10:58:22.511 DEBUG 97863 --- [http-nio-8080-exec-1] c.s.c.d.L.selectByTicket                 : ==> Parameters: 53e3b76f735c400e8342bd31cc950b03(String)
2023-05-09 10:58:22.514 DEBUG 97863 --- [http-nio-8080-exec-1] c.s.c.d.L.selectByTicket                 : <==      Total: 1
2023-05-09 10:58:38.003  INFO 97863 --- [SpringApplicationShutdownHook] com.zaxxer.hikari.HikariDataSource       : HikariPool-1 - Shutdown initiated...
2023-05-09 10:58:38.008  INFO 97863 --- [SpringApplicationShutdownHook] com.zaxxer.hikari.HikariDataSource       : HikariPool-1 - Shutdown completed.
2023-05-09 11:08:03.683  INFO 98149 --- [main] com.swu.community.DemoApplication        : Starting DemoApplication using Java 1.8.0_251 on liuyafeideMacBook-Pro.local with PID 98149 (/Users/liuyafei/Downloads/swu-community/target/classes started by liuyafei in /Users/liuyafei/Downloads/swu-community)
2023-05-09 11:08:03.687 DEBUG 98149 --- [main] com.swu.community.DemoApplication        : Running with Spring Boot v2.7.11, Spring v5.3.27
2023-05-09 11:08:03.688  INFO 98149 --- [main] com.swu.community.DemoApplication        : No active profile set, falling back to 1 default profile: "default"
2023-05-09 11:08:04.849  INFO 98149 --- [main] o.s.b.w.embedded.tomcat.TomcatWebServer  : Tomcat initialized with port(s): 8080 (http)
2023-05-09 11:08:04.857  INFO 98149 --- [main] o.apache.catalina.core.StandardService   : Starting service [Tomcat]
2023-05-09 11:08:04.858  INFO 98149 --- [main] org.apache.catalina.core.StandardEngine  : Starting Servlet engine: [Apache Tomcat/9.0.74]
2023-05-09 11:08:04.993  INFO 98149 --- [main] o.a.c.c.C.[.[localhost].[/community]     : Initializing Spring embedded WebApplicationContext
2023-05-09 11:08:04.994  INFO 98149 --- [main] w.s.c.ServletWebServerApplicationContext : Root WebApplicationContext: initialization completed in 1251 ms
2023-05-09 11:08:05.876  INFO 98149 --- [main] o.s.b.a.w.s.WelcomePageHandlerMapping    : Adding welcome page template: index
2023-05-09 11:08:06.149  INFO 98149 --- [main] o.s.b.w.embedded.tomcat.TomcatWebServer  : Tomcat started on port(s): 8080 (http) with context path '/community'
2023-05-09 11:08:06.165  INFO 98149 --- [main] com.swu.community.DemoApplication        : Started DemoApplication in 2.954 seconds (JVM running for 3.588)
2023-05-09 11:08:10.855  INFO 98149 --- [http-nio-8080-exec-1] o.a.c.c.C.[.[localhost].[/community]     : Initializing Spring DispatcherServlet 'dispatcherServlet'
2023-05-09 11:08:10.856  INFO 98149 --- [http-nio-8080-exec-1] o.s.web.servlet.DispatcherServlet        : Initializing Servlet 'dispatcherServlet'
2023-05-09 11:08:10.857  INFO 98149 --- [http-nio-8080-exec-1] o.s.web.servlet.DispatcherServlet        : Completed initialization in 1 ms
2023-05-09 11:08:10.891  INFO 98149 --- [http-nio-8080-exec-1] com.zaxxer.hikari.HikariDataSource       : HikariPool-1 - Starting...
2023-05-09 11:08:11.028  INFO 98149 --- [http-nio-8080-exec-1] com.zaxxer.hikari.HikariDataSource       : HikariPool-1 - Start completed.
2023-05-09 11:08:11.035 DEBUG 98149 --- [http-nio-8080-exec-1] c.s.c.d.L.selectByTicket                 : ==>  Preparing: select id,user_id,ticket,status,expired from login_ticket where ticket=? 
2023-05-09 11:08:11.067 DEBUG 98149 --- [http-nio-8080-exec-1] c.s.c.d.L.selectByTicket                 : ==> Parameters: 53e3b76f735c400e8342bd31cc950b03(String)
2023-05-09 11:08:11.107 DEBUG 98149 --- [http-nio-8080-exec-1] c.s.c.d.L.selectByTicket                 : <==      Total: 1
2023-05-09 11:09:45.241  INFO 98149 --- [SpringApplicationShutdownHook] com.zaxxer.hikari.HikariDataSource       : HikariPool-1 - Shutdown initiated...
2023-05-09 11:09:45.248  INFO 98149 --- [SpringApplicationShutdownHook] com.zaxxer.hikari.HikariDataSource       : HikariPool-1 - Shutdown completed.
2023-05-09 11:10:40.177  INFO 98227 --- [main] com.swu.community.DemoApplication        : Starting DemoApplication using Java 1.8.0_251 on liuyafeideMacBook-Pro.local with PID 98227 (/Users/liuyafei/Downloads/swu-community/target/classes started by liuyafei in /Users/liuyafei/Downloads/swu-community)
2023-05-09 11:10:40.180 DEBUG 98227 --- [main] com.swu.community.DemoApplication        : Running with Spring Boot v2.7.11, Spring v5.3.27
2023-05-09 11:10:40.181  INFO 98227 --- [main] com.swu.community.DemoApplication        : No active profile set, falling back to 1 default profile: "default"
2023-05-09 11:10:41.318  INFO 98227 --- [main] o.s.b.w.embedded.tomcat.TomcatWebServer  : Tomcat initialized with port(s): 8080 (http)
2023-05-09 11:10:41.326  INFO 98227 --- [main] o.apache.catalina.core.StandardService   : Starting service [Tomcat]
2023-05-09 11:10:41.327  INFO 98227 --- [main] org.apache.catalina.core.StandardEngine  : Starting Servlet engine: [Apache Tomcat/9.0.74]
2023-05-09 11:10:41.440  INFO 98227 --- [main] o.a.c.c.C.[.[localhost].[/community]     : Initializing Spring embedded WebApplicationContext
2023-05-09 11:10:41.441  INFO 98227 --- [main] w.s.c.ServletWebServerApplicationContext : Root WebApplicationContext: initialization completed in 1217 ms
2023-05-09 11:10:41.971  INFO 98227 --- [main] o.s.b.a.w.s.WelcomePageHandlerMapping    : Adding welcome page template: index
2023-05-09 11:10:42.219  INFO 98227 --- [main] o.s.b.w.embedded.tomcat.TomcatWebServer  : Tomcat started on port(s): 8080 (http) with context path '/community'
2023-05-09 11:10:42.229  INFO 98227 --- [main] com.swu.community.DemoApplication        : Started DemoApplication in 2.394 seconds (JVM running for 2.941)
2023-05-09 11:10:47.692  INFO 98227 --- [http-nio-8080-exec-1] o.a.c.c.C.[.[localhost].[/community]     : Initializing Spring DispatcherServlet 'dispatcherServlet'
2023-05-09 11:10:47.692  INFO 98227 --- [http-nio-8080-exec-1] o.s.web.servlet.DispatcherServlet        : Initializing Servlet 'dispatcherServlet'
2023-05-09 11:10:47.693  INFO 98227 --- [http-nio-8080-exec-1] o.s.web.servlet.DispatcherServlet        : Completed initialization in 1 ms
2023-05-09 11:10:47.727  INFO 98227 --- [http-nio-8080-exec-1] com.zaxxer.hikari.HikariDataSource       : HikariPool-1 - Starting...
2023-05-09 11:10:47.838  INFO 98227 --- [http-nio-8080-exec-1] com.zaxxer.hikari.HikariDataSource       : HikariPool-1 - Start completed.
2023-05-09 11:10:47.845 DEBUG 98227 --- [http-nio-8080-exec-1] c.s.c.d.L.selectByTicket                 : ==>  Preparing: select id,user_id,ticket,status,expired from login_ticket where ticket=? 
2023-05-09 11:10:47.865 DEBUG 98227 --- [http-nio-8080-exec-1] c.s.c.d.L.selectByTicket                 : ==> Parameters: 53e3b76f735c400e8342bd31cc950b03(String)
2023-05-09 11:10:47.887 DEBUG 98227 --- [http-nio-8080-exec-1] c.s.c.d.L.selectByTicket                 : <==      Total: 1
2023-05-09 11:17:07.250  INFO 98227 --- [SpringApplicationShutdownHook] com.zaxxer.hikari.HikariDataSource       : HikariPool-1 - Shutdown initiated...
2023-05-09 11:17:07.256  INFO 98227 --- [SpringApplicationShutdownHook] com.zaxxer.hikari.HikariDataSource       : HikariPool-1 - Shutdown completed.
2023-05-09 11:19:29.487  INFO 98441 --- [main] com.swu.community.DemoApplication        : Starting DemoApplication using Java 1.8.0_251 on liuyafeideMacBook-Pro.local with PID 98441 (/Users/liuyafei/Downloads/swu-community/target/classes started by liuyafei in /Users/liuyafei/Downloads/swu-community)
2023-05-09 11:19:29.489 DEBUG 98441 --- [main] com.swu.community.DemoApplication        : Running with Spring Boot v2.7.11, Spring v5.3.27
2023-05-09 11:19:29.490  INFO 98441 --- [main] com.swu.community.DemoApplication        : No active profile set, falling back to 1 default profile: "default"
2023-05-09 11:19:30.492  INFO 98441 --- [main] o.s.b.w.embedded.tomcat.TomcatWebServer  : Tomcat initialized with port(s): 8080 (http)
2023-05-09 11:19:30.501  INFO 98441 --- [main] o.apache.catalina.core.StandardService   : Starting service [Tomcat]
2023-05-09 11:19:30.502  INFO 98441 --- [main] org.apache.catalina.core.StandardEngine  : Starting Servlet engine: [Apache Tomcat/9.0.74]
2023-05-09 11:19:30.611  INFO 98441 --- [main] o.a.c.c.C.[.[localhost].[/community]     : Initializing Spring embedded WebApplicationContext
2023-05-09 11:19:30.611  INFO 98441 --- [main] w.s.c.ServletWebServerApplicationContext : Root WebApplicationContext: initialization completed in 1084 ms
2023-05-09 11:19:31.134  INFO 98441 --- [main] o.s.b.a.w.s.WelcomePageHandlerMapping    : Adding welcome page template: index
2023-05-09 11:19:31.392  INFO 98441 --- [main] o.s.b.w.embedded.tomcat.TomcatWebServer  : Tomcat started on port(s): 8080 (http) with context path '/community'
2023-05-09 11:19:31.402  INFO 98441 --- [main] com.swu.community.DemoApplication        : Started DemoApplication in 2.322 seconds (JVM running for 2.921)
2023-05-09 11:19:32.847  INFO 98441 --- [http-nio-8080-exec-2] o.a.c.c.C.[.[localhost].[/community]     : Initializing Spring DispatcherServlet 'dispatcherServlet'
2023-05-09 11:19:32.847  INFO 98441 --- [http-nio-8080-exec-2] o.s.web.servlet.DispatcherServlet        : Initializing Servlet 'dispatcherServlet'
2023-05-09 11:19:32.848  INFO 98441 --- [http-nio-8080-exec-2] o.s.web.servlet.DispatcherServlet        : Completed initialization in 1 ms
2023-05-09 11:19:32.878  INFO 98441 --- [http-nio-8080-exec-2] com.zaxxer.hikari.HikariDataSource       : HikariPool-1 - Starting...
2023-05-09 11:19:33.000  INFO 98441 --- [http-nio-8080-exec-2] com.zaxxer.hikari.HikariDataSource       : HikariPool-1 - Start completed.
2023-05-09 11:19:33.007 DEBUG 98441 --- [http-nio-8080-exec-2] c.s.c.d.L.selectByTicket                 : ==>  Preparing: select id,user_id,ticket,status,expired from login_ticket where ticket=? 
2023-05-09 11:19:33.029 DEBUG 98441 --- [http-nio-8080-exec-2] c.s.c.d.L.selectByTicket                 : ==> Parameters: 53e3b76f735c400e8342bd31cc950b03(String)
2023-05-09 11:19:33.051 DEBUG 98441 --- [http-nio-8080-exec-2] c.s.c.d.L.selectByTicket                 : <==      Total: 1
2023-05-09 11:20:19.089  WARN 98441 --- [HikariPool-1 housekeeper] com.zaxxer.hikari.pool.HikariPool        : HikariPool-1 - Thread starvation or clock leap detected (housekeeper delta=1m16s89ms).
2023-05-09 11:20:20.200  INFO 98441 --- [SpringApplicationShutdownHook] com.zaxxer.hikari.HikariDataSource       : HikariPool-1 - Shutdown initiated...
2023-05-09 11:20:20.204  INFO 98441 --- [SpringApplicationShutdownHook] com.zaxxer.hikari.HikariDataSource       : HikariPool-1 - Shutdown completed.
2023-05-09 11:25:11.776  INFO 98575 --- [main] com.swu.community.DemoApplication        : Starting DemoApplication using Java 1.8.0_251 on liuyafeideMacBook-Pro.local with PID 98575 (/Users/liuyafei/Downloads/swu-community/target/classes started by liuyafei in /Users/liuyafei/Downloads/swu-community)
2023-05-09 11:25:11.778 DEBUG 98575 --- [main] com.swu.community.DemoApplication        : Running with Spring Boot v2.7.11, Spring v5.3.27
2023-05-09 11:25:11.778  INFO 98575 --- [main] com.swu.community.DemoApplication        : No active profile set, falling back to 1 default profile: "default"
2023-05-09 11:25:12.796  INFO 98575 --- [main] o.s.b.w.embedded.tomcat.TomcatWebServer  : Tomcat initialized with port(s): 8080 (http)
2023-05-09 11:25:12.803  INFO 98575 --- [main] o.apache.catalina.core.StandardService   : Starting service [Tomcat]
2023-05-09 11:25:12.803  INFO 98575 --- [main] org.apache.catalina.core.StandardEngine  : Starting Servlet engine: [Apache Tomcat/9.0.74]
2023-05-09 11:25:12.901  INFO 98575 --- [main] o.a.c.c.C.[.[localhost].[/community]     : Initializing Spring embedded WebApplicationContext
2023-05-09 11:25:12.901  INFO 98575 --- [main] w.s.c.ServletWebServerApplicationContext : Root WebApplicationContext: initialization completed in 1091 ms
2023-05-09 11:25:13.409  INFO 98575 --- [main] o.s.b.a.w.s.WelcomePageHandlerMapping    : Adding welcome page template: index
2023-05-09 11:25:13.417  INFO 98578 --- [main] com.swu.community.DemoApplication        : Starting DemoApplication using Java 1.8.0_251 on liuyafeideMacBook-Pro.local with PID 98578 (/Users/liuyafei/Downloads/swu-community/target/classes started by liuyafei in /Users/liuyafei/Downloads/swu-community)
2023-05-09 11:25:13.421 DEBUG 98578 --- [main] com.swu.community.DemoApplication        : Running with Spring Boot v2.7.11, Spring v5.3.27
2023-05-09 11:25:13.422  INFO 98578 --- [main] com.swu.community.DemoApplication        : No active profile set, falling back to 1 default profile: "default"
2023-05-09 11:25:13.751  INFO 98575 --- [main] o.s.b.w.embedded.tomcat.TomcatWebServer  : Tomcat started on port(s): 8080 (http) with context path '/community'
2023-05-09 11:25:13.763  INFO 98575 --- [main] com.swu.community.DemoApplication        : Started DemoApplication in 2.309 seconds (JVM running for 2.911)
2023-05-09 11:25:14.552  INFO 98578 --- [main] o.s.b.w.embedded.tomcat.TomcatWebServer  : Tomcat initialized with port(s): 8080 (http)
2023-05-09 11:25:14.560  INFO 98578 --- [main] o.apache.catalina.core.StandardService   : Starting service [Tomcat]
2023-05-09 11:25:14.561  INFO 98578 --- [main] org.apache.catalina.core.StandardEngine  : Starting Servlet engine: [Apache Tomcat/9.0.74]
2023-05-09 11:25:14.661  INFO 98578 --- [main] o.a.c.c.C.[.[localhost].[/community]     : Initializing Spring embedded WebApplicationContext
2023-05-09 11:25:14.662  INFO 98578 --- [main] w.s.c.ServletWebServerApplicationContext : Root WebApplicationContext: initialization completed in 1195 ms
2023-05-09 11:25:15.162  INFO 98578 --- [main] o.s.b.a.w.s.WelcomePageHandlerMapping    : Adding welcome page template: index
2023-05-09 11:25:15.396  WARN 98578 --- [main] ConfigServletWebServerApplicationContext : Exception encountered during context initialization - cancelling refresh attempt: org.springframework.context.ApplicationContextException: Failed to start bean 'webServerStartStop'; nested exception is org.springframework.boot.web.server.PortInUseException: Port 8080 is already in use
2023-05-09 11:25:15.400  INFO 98578 --- [main] o.apache.catalina.core.StandardService   : Stopping service [Tomcat]
2023-05-09 11:25:15.409  INFO 98578 --- [main] ConditionEvaluationReportLoggingListener : 

Error starting ApplicationContext. To display the conditions report re-run your application with 'debug' enabled.
2023-05-09 11:25:15.421 ERROR 98578 --- [main] o.s.b.d.LoggingFailureAnalysisReporter   : 

***************************
APPLICATION FAILED TO START
***************************

Description:

Web server failed to start. Port 8080 was already in use.

Action:

Identify and stop the process that's listening on port 8080 or configure this application to listen on another port.

2023-05-09 11:25:24.770  INFO 98592 --- [main] com.swu.community.DemoApplication        : Starting DemoApplication using Java 1.8.0_251 on liuyafeideMacBook-Pro.local with PID 98592 (/Users/liuyafei/Downloads/swu-community/target/classes started by liuyafei in /Users/liuyafei/Downloads/swu-community)
2023-05-09 11:25:24.772 DEBUG 98592 --- [main] com.swu.community.DemoApplication        : Running with Spring Boot v2.7.11, Spring v5.3.27
2023-05-09 11:25:24.773  INFO 98592 --- [main] com.swu.community.DemoApplication        : No active profile set, falling back to 1 default profile: "default"
2023-05-09 11:25:25.784  INFO 98592 --- [main] o.s.b.w.embedded.tomcat.TomcatWebServer  : Tomcat initialized with port(s): 8080 (http)
2023-05-09 11:25:25.792  INFO 98592 --- [main] o.apache.catalina.core.StandardService   : Starting service [Tomcat]
2023-05-09 11:25:25.793  INFO 98592 --- [main] org.apache.catalina.core.StandardEngine  : Starting Servlet engine: [Apache Tomcat/9.0.74]
2023-05-09 11:25:25.897  INFO 98592 --- [main] o.a.c.c.C.[.[localhost].[/community]     : Initializing Spring embedded WebApplicationContext
2023-05-09 11:25:25.897  INFO 98592 --- [main] w.s.c.ServletWebServerApplicationContext : Root WebApplicationContext: initialization completed in 1085 ms
2023-05-09 11:25:26.446  INFO 98592 --- [main] o.s.b.a.w.s.WelcomePageHandlerMapping    : Adding welcome page template: index
2023-05-09 11:25:26.704  INFO 98592 --- [main] o.s.b.w.embedded.tomcat.TomcatWebServer  : Tomcat started on port(s): 8080 (http) with context path '/community'
2023-05-09 11:25:26.713  INFO 98592 --- [main] com.swu.community.DemoApplication        : Started DemoApplication in 2.322 seconds (JVM running for 2.96)
2023-05-09 11:25:34.683  INFO 98592 --- [http-nio-8080-exec-1] o.a.c.c.C.[.[localhost].[/community]     : Initializing Spring DispatcherServlet 'dispatcherServlet'
2023-05-09 11:25:34.683  INFO 98592 --- [http-nio-8080-exec-1] o.s.web.servlet.DispatcherServlet        : Initializing Servlet 'dispatcherServlet'
2023-05-09 11:25:34.684  INFO 98592 --- [http-nio-8080-exec-1] o.s.web.servlet.DispatcherServlet        : Completed initialization in 1 ms
2023-05-09 11:25:34.718  INFO 98592 --- [http-nio-8080-exec-1] com.zaxxer.hikari.HikariDataSource       : HikariPool-1 - Starting...
2023-05-09 11:25:34.838  INFO 98592 --- [http-nio-8080-exec-1] com.zaxxer.hikari.HikariDataSource       : HikariPool-1 - Start completed.
2023-05-09 11:25:34.845 DEBUG 98592 --- [http-nio-8080-exec-1] c.s.c.d.L.selectByTicket                 : ==>  Preparing: select id,user_id,ticket,status,expired from login_ticket where ticket=? 
2023-05-09 11:25:34.882 DEBUG 98592 --- [http-nio-8080-exec-1] c.s.c.d.L.selectByTicket                 : ==> Parameters: 53e3b76f735c400e8342bd31cc950b03(String)
2023-05-09 11:25:34.925 DEBUG 98592 --- [http-nio-8080-exec-1] c.s.c.d.L.selectByTicket                 : <==      Total: 1
2023-05-09 11:27:20.449  INFO 98592 --- [SpringApplicationShutdownHook] com.zaxxer.hikari.HikariDataSource       : HikariPool-1 - Shutdown initiated...
2023-05-09 11:27:20.457  INFO 98592 --- [SpringApplicationShutdownHook] com.zaxxer.hikari.HikariDataSource       : HikariPool-1 - Shutdown completed.
